2022-10-22 13:32:08,660 INFO    StreamThr :69914 [internal.py:wandb_internal():88] W&B internal server running at pid: 69914, started at: 2022-10-22 13:32:08.653729
2022-10-22 13:32:08,666 DEBUG   HandlerThread:69914 [handler.py:handle_request():138] handle_request: status
2022-10-22 13:32:08,666 DEBUG   SenderThread:69914 [sender.py:send_request():315] send_request: status
2022-10-22 13:32:08,670 DEBUG   SenderThread:69914 [sender.py:send():301] send: header
2022-10-22 13:32:08,672 INFO    WriterThread:69914 [datastore.py:open_for_write():75] open: /Users/christianjensen/Library/CloudStorage/OneDrive-UniversityofCopenhagen/2 - Projects/NLP Course/NLP-2022/wandb/run-20221022_133208-1z2jixz6/run-1z2jixz6.wandb
2022-10-22 13:32:08,691 DEBUG   SenderThread:69914 [sender.py:send():301] send: run
2022-10-22 13:32:09,263 DEBUG   HandlerThread:69914 [handler.py:handle_request():138] handle_request: check_version
2022-10-22 13:32:09,264 INFO    SenderThread:69914 [dir_watcher.py:__init__():216] watching files in: /Users/christianjensen/Library/CloudStorage/OneDrive-UniversityofCopenhagen/2 - Projects/NLP Course/NLP-2022/wandb/run-20221022_133208-1z2jixz6/files
2022-10-22 13:32:09,264 INFO    SenderThread:69914 [sender.py:_start_run_threads():912] run started: 1z2jixz6 with start time 1666438328.640436
2022-10-22 13:32:09,264 DEBUG   SenderThread:69914 [sender.py:send():301] send: summary
2022-10-22 13:32:09,265 INFO    SenderThread:69914 [sender.py:_save_file():1155] saving file wandb-summary.json with policy end
2022-10-22 13:32:09,265 DEBUG   SenderThread:69914 [sender.py:send_request():315] send_request: check_version
2022-10-22 13:32:09,489 DEBUG   HandlerThread:69914 [handler.py:handle_request():138] handle_request: run_start
2022-10-22 13:32:09,490 DEBUG   HandlerThread:69914 [meta.py:__init__():34] meta init
2022-10-22 13:32:09,490 DEBUG   HandlerThread:69914 [meta.py:__init__():49] meta init done
2022-10-22 13:32:09,495 DEBUG   HandlerThread:69914 [meta.py:probe():215] probe
2022-10-22 13:32:09,498 DEBUG   HandlerThread:69914 [meta.py:_setup_git():205] setup git
2022-10-22 13:32:09,518 DEBUG   HandlerThread:69914 [meta.py:_setup_git():212] setup git done
2022-10-22 13:32:09,519 DEBUG   HandlerThread:69914 [meta.py:_save_pip():53] save pip
2022-10-22 13:32:09,520 DEBUG   HandlerThread:69914 [meta.py:_save_pip():67] save pip done
2022-10-22 13:32:09,520 DEBUG   HandlerThread:69914 [meta.py:probe():253] probe done
2022-10-22 13:32:09,640 DEBUG   SenderThread:69914 [sender.py:send():301] send: files
2022-10-22 13:32:09,640 INFO    SenderThread:69914 [sender.py:_save_file():1155] saving file wandb-metadata.json with policy now
2022-10-22 13:32:09,648 DEBUG   HandlerThread:69914 [handler.py:handle_request():138] handle_request: stop_status
2022-10-22 13:32:09,648 DEBUG   SenderThread:69914 [sender.py:send_request():315] send_request: stop_status
2022-10-22 13:32:09,975 DEBUG   SenderThread:69914 [sender.py:send():301] send: telemetry
2022-10-22 13:32:09,975 DEBUG   SenderThread:69914 [sender.py:send():301] send: config
2022-10-22 13:32:09,976 DEBUG   SenderThread:69914 [sender.py:send():301] send: metric
2022-10-22 13:32:09,976 DEBUG   SenderThread:69914 [sender.py:send():301] send: telemetry
2022-10-22 13:32:09,976 DEBUG   SenderThread:69914 [sender.py:send():301] send: metric
2022-10-22 13:32:09,976 WARNING SenderThread:69914 [sender.py:send_metric():1111] Seen metric with glob (shouldn't happen)
2022-10-22 13:32:09,976 DEBUG   SenderThread:69914 [sender.py:send():301] send: telemetry
2022-10-22 13:32:10,029 DEBUG   SenderThread:69914 [sender.py:send():301] send: telemetry
2022-10-22 13:32:10,268 INFO    Thread-13 :69914 [dir_watcher.py:_on_file_created():275] file/dir created: /Users/christianjensen/Library/CloudStorage/OneDrive-UniversityofCopenhagen/2 - Projects/NLP Course/NLP-2022/wandb/run-20221022_133208-1z2jixz6/files/output.log
2022-10-22 13:32:10,269 INFO    Thread-13 :69914 [dir_watcher.py:_on_file_created():275] file/dir created: /Users/christianjensen/Library/CloudStorage/OneDrive-UniversityofCopenhagen/2 - Projects/NLP Course/NLP-2022/wandb/run-20221022_133208-1z2jixz6/files/requirements.txt
2022-10-22 13:32:10,269 INFO    Thread-13 :69914 [dir_watcher.py:_on_file_created():275] file/dir created: /Users/christianjensen/Library/CloudStorage/OneDrive-UniversityofCopenhagen/2 - Projects/NLP Course/NLP-2022/wandb/run-20221022_133208-1z2jixz6/files/wandb-metadata.json
2022-10-22 13:32:10,269 INFO    Thread-13 :69914 [dir_watcher.py:_on_file_created():275] file/dir created: /Users/christianjensen/Library/CloudStorage/OneDrive-UniversityofCopenhagen/2 - Projects/NLP Course/NLP-2022/wandb/run-20221022_133208-1z2jixz6/files/wandb-summary.json
2022-10-22 13:32:10,501 INFO    Thread-17 :69914 [upload_job.py:push():139] Uploaded file /var/folders/s3/51rzg94s5318dvd1cr9t6cq40000gn/T/tmpjz0vj035wandb/38ji7h2e-wandb-metadata.json
2022-10-22 13:32:12,280 INFO    Thread-13 :69914 [dir_watcher.py:_on_file_modified():292] file/dir modified: /Users/christianjensen/Library/CloudStorage/OneDrive-UniversityofCopenhagen/2 - Projects/NLP Course/NLP-2022/wandb/run-20221022_133208-1z2jixz6/files/output.log
2022-10-22 13:32:24,990 DEBUG   HandlerThread:69914 [handler.py:handle_request():138] handle_request: stop_status
2022-10-22 13:32:24,991 DEBUG   SenderThread:69914 [sender.py:send_request():315] send_request: stop_status
2022-10-22 13:32:40,352 DEBUG   HandlerThread:69914 [handler.py:handle_request():138] handle_request: stop_status
2022-10-22 13:32:40,353 DEBUG   SenderThread:69914 [sender.py:send_request():315] send_request: stop_status
2022-10-22 13:32:40,436 INFO    Thread-13 :69914 [dir_watcher.py:_on_file_modified():292] file/dir modified: /Users/christianjensen/Library/CloudStorage/OneDrive-UniversityofCopenhagen/2 - Projects/NLP Course/NLP-2022/wandb/run-20221022_133208-1z2jixz6/files/config.yaml
2022-10-22 13:32:47,161 DEBUG   SenderThread:69914 [sender.py:send():301] send: stats
2022-10-22 13:32:55,643 DEBUG   HandlerThread:69914 [handler.py:handle_request():138] handle_request: stop_status
2022-10-22 13:32:55,646 DEBUG   SenderThread:69914 [sender.py:send_request():315] send_request: stop_status
2022-10-22 13:33:10,954 DEBUG   HandlerThread:69914 [handler.py:handle_request():138] handle_request: stop_status
2022-10-22 13:33:10,957 DEBUG   SenderThread:69914 [sender.py:send_request():315] send_request: stop_status
2022-10-22 13:33:25,725 DEBUG   SenderThread:69914 [sender.py:send():301] send: stats
2022-10-22 13:33:26,206 DEBUG   HandlerThread:69914 [handler.py:handle_request():138] handle_request: stop_status
2022-10-22 13:33:26,206 DEBUG   SenderThread:69914 [sender.py:send_request():315] send_request: stop_status
2022-10-22 13:33:41,521 DEBUG   HandlerThread:69914 [handler.py:handle_request():138] handle_request: stop_status
2022-10-22 13:33:41,522 DEBUG   SenderThread:69914 [sender.py:send_request():315] send_request: stop_status
2022-10-22 13:33:56,890 DEBUG   HandlerThread:69914 [handler.py:handle_request():138] handle_request: stop_status
2022-10-22 13:33:56,892 DEBUG   SenderThread:69914 [sender.py:send_request():315] send_request: stop_status
2022-10-22 13:34:03,968 DEBUG   SenderThread:69914 [sender.py:send():301] send: stats
2022-10-22 13:34:12,181 DEBUG   HandlerThread:69914 [handler.py:handle_request():138] handle_request: stop_status
2022-10-22 13:34:12,182 DEBUG   SenderThread:69914 [sender.py:send_request():315] send_request: stop_status
2022-10-22 13:34:27,428 DEBUG   HandlerThread:69914 [handler.py:handle_request():138] handle_request: stop_status
2022-10-22 13:34:27,429 DEBUG   SenderThread:69914 [sender.py:send_request():315] send_request: stop_status
2022-10-22 13:34:42,683 DEBUG   HandlerThread:69914 [handler.py:handle_request():138] handle_request: stop_status
2022-10-22 13:34:42,684 DEBUG   SenderThread:69914 [sender.py:send_request():315] send_request: stop_status
2022-10-22 13:34:42,935 DEBUG   SenderThread:69914 [sender.py:send():301] send: stats
2022-10-22 13:34:43,777 DEBUG   HandlerThread:69914 [handler.py:handle_request():138] handle_request: pause
2022-10-22 13:34:43,778 INFO    HandlerThread:69914 [handler.py:handle_request_pause():696] stopping system metrics thread
2022-10-22 13:34:44,272 DEBUG   SenderThread:69914 [sender.py:send():301] send: stats
2022-10-22 13:34:57,939 DEBUG   HandlerThread:69914 [handler.py:handle_request():138] handle_request: stop_status
2022-10-22 13:34:57,940 DEBUG   SenderThread:69914 [sender.py:send_request():315] send_request: stop_status
2022-10-22 13:35:13,254 DEBUG   HandlerThread:69914 [handler.py:handle_request():138] handle_request: stop_status
2022-10-22 13:35:13,255 DEBUG   SenderThread:69914 [sender.py:send_request():315] send_request: stop_status
2022-10-22 13:35:28,521 DEBUG   HandlerThread:69914 [handler.py:handle_request():138] handle_request: stop_status
2022-10-22 13:35:28,521 DEBUG   SenderThread:69914 [sender.py:send_request():315] send_request: stop_status
2022-10-22 13:35:43,844 DEBUG   HandlerThread:69914 [handler.py:handle_request():138] handle_request: stop_status
2022-10-22 13:35:43,845 DEBUG   SenderThread:69914 [sender.py:send_request():315] send_request: stop_status
2022-10-22 13:35:59,089 DEBUG   HandlerThread:69914 [handler.py:handle_request():138] handle_request: stop_status
2022-10-22 13:35:59,089 DEBUG   SenderThread:69914 [sender.py:send_request():315] send_request: stop_status
2022-10-22 13:36:14,328 DEBUG   HandlerThread:69914 [handler.py:handle_request():138] handle_request: stop_status
2022-10-22 13:36:14,328 DEBUG   SenderThread:69914 [sender.py:send_request():315] send_request: stop_status
2022-10-22 13:36:29,568 DEBUG   HandlerThread:69914 [handler.py:handle_request():138] handle_request: stop_status
2022-10-22 13:36:29,568 DEBUG   SenderThread:69914 [sender.py:send_request():315] send_request: stop_status
2022-10-22 13:36:44,802 DEBUG   HandlerThread:69914 [handler.py:handle_request():138] handle_request: stop_status
2022-10-22 13:36:44,803 DEBUG   SenderThread:69914 [sender.py:send_request():315] send_request: stop_status
2022-10-22 13:37:00,042 DEBUG   HandlerThread:69914 [handler.py:handle_request():138] handle_request: stop_status
2022-10-22 13:37:00,043 DEBUG   SenderThread:69914 [sender.py:send_request():315] send_request: stop_status
2022-10-22 13:37:15,284 DEBUG   HandlerThread:69914 [handler.py:handle_request():138] handle_request: stop_status
2022-10-22 13:37:15,284 DEBUG   SenderThread:69914 [sender.py:send_request():315] send_request: stop_status
2022-10-22 13:37:30,603 DEBUG   HandlerThread:69914 [handler.py:handle_request():138] handle_request: stop_status
2022-10-22 13:37:30,603 DEBUG   SenderThread:69914 [sender.py:send_request():315] send_request: stop_status
2022-10-22 13:37:45,845 DEBUG   HandlerThread:69914 [handler.py:handle_request():138] handle_request: stop_status
2022-10-22 13:37:45,847 DEBUG   SenderThread:69914 [sender.py:send_request():315] send_request: stop_status
2022-10-22 13:38:01,168 DEBUG   HandlerThread:69914 [handler.py:handle_request():138] handle_request: stop_status
2022-10-22 13:38:01,169 DEBUG   SenderThread:69914 [sender.py:send_request():315] send_request: stop_status
2022-10-22 13:38:16,437 DEBUG   HandlerThread:69914 [handler.py:handle_request():138] handle_request: stop_status
2022-10-22 13:38:16,437 DEBUG   SenderThread:69914 [sender.py:send_request():315] send_request: stop_status
2022-10-22 13:38:31,680 DEBUG   HandlerThread:69914 [handler.py:handle_request():138] handle_request: stop_status
2022-10-22 13:38:31,680 DEBUG   SenderThread:69914 [sender.py:send_request():315] send_request: stop_status
2022-10-22 13:38:46,927 DEBUG   HandlerThread:69914 [handler.py:handle_request():138] handle_request: stop_status
2022-10-22 13:38:46,928 DEBUG   SenderThread:69914 [sender.py:send_request():315] send_request: stop_status
2022-10-22 13:39:02,191 DEBUG   HandlerThread:69914 [handler.py:handle_request():138] handle_request: stop_status
2022-10-22 13:39:02,191 DEBUG   SenderThread:69914 [sender.py:send_request():315] send_request: stop_status
2022-10-22 13:39:17,461 DEBUG   HandlerThread:69914 [handler.py:handle_request():138] handle_request: stop_status
2022-10-22 13:39:17,462 DEBUG   SenderThread:69914 [sender.py:send_request():315] send_request: stop_status
2022-10-22 13:39:32,756 DEBUG   HandlerThread:69914 [handler.py:handle_request():138] handle_request: stop_status
2022-10-22 13:39:32,757 DEBUG   SenderThread:69914 [sender.py:send_request():315] send_request: stop_status
2022-10-22 13:39:48,021 DEBUG   HandlerThread:69914 [handler.py:handle_request():138] handle_request: stop_status
2022-10-22 13:39:48,022 DEBUG   SenderThread:69914 [sender.py:send_request():315] send_request: stop_status
2022-10-22 13:40:03,369 DEBUG   HandlerThread:69914 [handler.py:handle_request():138] handle_request: stop_status
2022-10-22 13:40:03,370 DEBUG   SenderThread:69914 [sender.py:send_request():315] send_request: stop_status
2022-10-22 13:40:18,634 DEBUG   HandlerThread:69914 [handler.py:handle_request():138] handle_request: stop_status
2022-10-22 13:40:18,634 DEBUG   SenderThread:69914 [sender.py:send_request():315] send_request: stop_status
2022-10-22 13:40:33,884 DEBUG   HandlerThread:69914 [handler.py:handle_request():138] handle_request: stop_status
2022-10-22 13:40:33,885 DEBUG   SenderThread:69914 [sender.py:send_request():315] send_request: stop_status
2022-10-22 13:40:49,149 DEBUG   HandlerThread:69914 [handler.py:handle_request():138] handle_request: stop_status
2022-10-22 13:40:49,150 DEBUG   SenderThread:69914 [sender.py:send_request():315] send_request: stop_status
2022-10-22 13:41:04,493 DEBUG   HandlerThread:69914 [handler.py:handle_request():138] handle_request: stop_status
2022-10-22 13:41:04,494 DEBUG   SenderThread:69914 [sender.py:send_request():315] send_request: stop_status
2022-10-22 13:41:19,759 DEBUG   HandlerThread:69914 [handler.py:handle_request():138] handle_request: stop_status
2022-10-22 13:41:19,759 DEBUG   SenderThread:69914 [sender.py:send_request():315] send_request: stop_status
2022-10-22 13:41:35,101 DEBUG   HandlerThread:69914 [handler.py:handle_request():138] handle_request: stop_status
2022-10-22 13:41:35,103 DEBUG   SenderThread:69914 [sender.py:send_request():315] send_request: stop_status
2022-10-22 13:41:50,384 DEBUG   HandlerThread:69914 [handler.py:handle_request():138] handle_request: stop_status
2022-10-22 13:41:50,385 DEBUG   SenderThread:69914 [sender.py:send_request():315] send_request: stop_status
2022-10-22 13:42:05,647 DEBUG   HandlerThread:69914 [handler.py:handle_request():138] handle_request: stop_status
2022-10-22 13:42:05,647 DEBUG   SenderThread:69914 [sender.py:send_request():315] send_request: stop_status
2022-10-22 13:42:20,906 DEBUG   HandlerThread:69914 [handler.py:handle_request():138] handle_request: stop_status
2022-10-22 13:42:20,907 DEBUG   SenderThread:69914 [sender.py:send_request():315] send_request: stop_status
2022-10-22 13:42:36,240 DEBUG   HandlerThread:69914 [handler.py:handle_request():138] handle_request: stop_status
2022-10-22 13:42:36,241 DEBUG   SenderThread:69914 [sender.py:send_request():315] send_request: stop_status
2022-10-22 13:42:51,506 DEBUG   HandlerThread:69914 [handler.py:handle_request():138] handle_request: stop_status
2022-10-22 13:42:51,507 DEBUG   SenderThread:69914 [sender.py:send_request():315] send_request: stop_status
2022-10-22 13:43:07,384 DEBUG   HandlerThread:69914 [handler.py:handle_request():138] handle_request: stop_status
2022-10-22 13:43:07,384 DEBUG   SenderThread:69914 [sender.py:send_request():315] send_request: stop_status
2022-10-22 13:43:22,636 DEBUG   HandlerThread:69914 [handler.py:handle_request():138] handle_request: stop_status
2022-10-22 13:43:22,636 DEBUG   SenderThread:69914 [sender.py:send_request():315] send_request: stop_status
2022-10-22 13:43:37,918 DEBUG   HandlerThread:69914 [handler.py:handle_request():138] handle_request: stop_status
2022-10-22 13:43:37,919 DEBUG   SenderThread:69914 [sender.py:send_request():315] send_request: stop_status
2022-10-22 13:43:53,183 DEBUG   HandlerThread:69914 [handler.py:handle_request():138] handle_request: stop_status
2022-10-22 13:43:53,184 DEBUG   SenderThread:69914 [sender.py:send_request():315] send_request: stop_status
2022-10-22 13:44:08,500 DEBUG   HandlerThread:69914 [handler.py:handle_request():138] handle_request: stop_status
2022-10-22 13:44:08,501 DEBUG   SenderThread:69914 [sender.py:send_request():315] send_request: stop_status
2022-10-22 13:44:23,752 DEBUG   HandlerThread:69914 [handler.py:handle_request():138] handle_request: stop_status
2022-10-22 13:44:23,753 DEBUG   SenderThread:69914 [sender.py:send_request():315] send_request: stop_status
2022-10-22 13:44:39,065 DEBUG   HandlerThread:69914 [handler.py:handle_request():138] handle_request: stop_status
2022-10-22 13:44:39,066 DEBUG   SenderThread:69914 [sender.py:send_request():315] send_request: stop_status
2022-10-22 13:44:54,347 DEBUG   HandlerThread:69914 [handler.py:handle_request():138] handle_request: stop_status
2022-10-22 13:44:54,348 DEBUG   SenderThread:69914 [sender.py:send_request():315] send_request: stop_status
2022-10-22 13:45:09,585 DEBUG   HandlerThread:69914 [handler.py:handle_request():138] handle_request: stop_status
2022-10-22 13:45:09,586 DEBUG   SenderThread:69914 [sender.py:send_request():315] send_request: stop_status
2022-10-22 13:45:19,273 DEBUG   HandlerThread:69914 [handler.py:handle_request():138] handle_request: resume
2022-10-22 13:45:19,274 INFO    HandlerThread:69914 [handler.py:handle_request_resume():687] starting system metrics thread
2022-10-22 13:45:19,404 DEBUG   HandlerThread:69914 [handler.py:handle_request():138] handle_request: pause
2022-10-22 13:45:19,404 INFO    HandlerThread:69914 [handler.py:handle_request_pause():696] stopping system metrics thread
2022-10-22 13:45:20,263 DEBUG   SenderThread:69914 [sender.py:send():301] send: stats
2022-10-22 13:45:24,836 DEBUG   HandlerThread:69914 [handler.py:handle_request():138] handle_request: stop_status
2022-10-22 13:45:24,837 DEBUG   SenderThread:69914 [sender.py:send_request():315] send_request: stop_status
2022-10-22 13:45:28,058 DEBUG   HandlerThread:69914 [handler.py:handle_request():138] handle_request: resume
2022-10-22 13:45:28,058 INFO    HandlerThread:69914 [handler.py:handle_request_resume():687] starting system metrics thread
2022-10-22 13:45:29,140 DEBUG   HandlerThread:69914 [handler.py:handle_request():138] handle_request: pause
2022-10-22 13:45:29,140 INFO    HandlerThread:69914 [handler.py:handle_request_pause():696] stopping system metrics thread
2022-10-22 13:45:30,008 DEBUG   SenderThread:69914 [sender.py:send():301] send: stats
2022-10-22 13:45:40,102 DEBUG   HandlerThread:69914 [handler.py:handle_request():138] handle_request: stop_status
2022-10-22 13:45:40,104 DEBUG   SenderThread:69914 [sender.py:send_request():315] send_request: stop_status
2022-10-22 13:45:55,456 DEBUG   HandlerThread:69914 [handler.py:handle_request():138] handle_request: stop_status
2022-10-22 13:45:55,456 DEBUG   SenderThread:69914 [sender.py:send_request():315] send_request: stop_status
2022-10-22 13:46:10,706 DEBUG   HandlerThread:69914 [handler.py:handle_request():138] handle_request: stop_status
2022-10-22 13:46:10,706 DEBUG   SenderThread:69914 [sender.py:send_request():315] send_request: stop_status
2022-10-22 13:46:26,020 DEBUG   HandlerThread:69914 [handler.py:handle_request():138] handle_request: stop_status
2022-10-22 13:46:26,021 DEBUG   SenderThread:69914 [sender.py:send_request():315] send_request: stop_status
2022-10-22 13:46:41,274 DEBUG   HandlerThread:69914 [handler.py:handle_request():138] handle_request: stop_status
2022-10-22 13:46:41,274 DEBUG   SenderThread:69914 [sender.py:send_request():315] send_request: stop_status
2022-10-22 13:46:56,516 DEBUG   HandlerThread:69914 [handler.py:handle_request():138] handle_request: stop_status
2022-10-22 13:46:56,517 DEBUG   SenderThread:69914 [sender.py:send_request():315] send_request: stop_status
2022-10-22 13:47:11,768 DEBUG   HandlerThread:69914 [handler.py:handle_request():138] handle_request: stop_status
2022-10-22 13:47:11,769 DEBUG   SenderThread:69914 [sender.py:send_request():315] send_request: stop_status
2022-10-22 13:47:27,023 DEBUG   HandlerThread:69914 [handler.py:handle_request():138] handle_request: stop_status
2022-10-22 13:47:27,024 DEBUG   SenderThread:69914 [sender.py:send_request():315] send_request: stop_status
2022-10-22 13:47:42,264 DEBUG   HandlerThread:69914 [handler.py:handle_request():138] handle_request: stop_status
2022-10-22 13:47:42,265 DEBUG   SenderThread:69914 [sender.py:send_request():315] send_request: stop_status
2022-10-22 13:47:57,593 DEBUG   HandlerThread:69914 [handler.py:handle_request():138] handle_request: stop_status
2022-10-22 13:47:57,595 DEBUG   SenderThread:69914 [sender.py:send_request():315] send_request: stop_status
2022-10-22 13:48:12,980 DEBUG   HandlerThread:69914 [handler.py:handle_request():138] handle_request: stop_status
2022-10-22 13:48:12,981 DEBUG   SenderThread:69914 [sender.py:send_request():315] send_request: stop_status
2022-10-22 13:48:28,244 DEBUG   HandlerThread:69914 [handler.py:handle_request():138] handle_request: stop_status
2022-10-22 13:48:28,245 DEBUG   SenderThread:69914 [sender.py:send_request():315] send_request: stop_status
2022-10-22 13:48:43,496 DEBUG   HandlerThread:69914 [handler.py:handle_request():138] handle_request: stop_status
2022-10-22 13:48:43,498 DEBUG   SenderThread:69914 [sender.py:send_request():315] send_request: stop_status
2022-10-22 13:48:50,396 DEBUG   HandlerThread:69914 [handler.py:handle_request():138] handle_request: resume
2022-10-22 13:48:50,396 INFO    HandlerThread:69914 [handler.py:handle_request_resume():687] starting system metrics thread
2022-10-22 13:48:50,401 DEBUG   HandlerThread:69914 [handler.py:handle_request():138] handle_request: pause
2022-10-22 13:48:50,401 INFO    HandlerThread:69914 [handler.py:handle_request_pause():696] stopping system metrics thread
2022-10-22 13:48:51,240 DEBUG   SenderThread:69914 [sender.py:send():301] send: stats
2022-10-22 13:48:58,758 DEBUG   HandlerThread:69914 [handler.py:handle_request():138] handle_request: stop_status
2022-10-22 13:48:58,758 DEBUG   SenderThread:69914 [sender.py:send_request():315] send_request: stop_status
2022-10-22 13:49:14,015 DEBUG   HandlerThread:69914 [handler.py:handle_request():138] handle_request: stop_status
2022-10-22 13:49:14,016 DEBUG   SenderThread:69914 [sender.py:send_request():315] send_request: stop_status
2022-10-22 13:49:29,359 DEBUG   HandlerThread:69914 [handler.py:handle_request():138] handle_request: stop_status
2022-10-22 13:49:29,359 DEBUG   SenderThread:69914 [sender.py:send_request():315] send_request: stop_status
2022-10-22 13:49:44,606 DEBUG   HandlerThread:69914 [handler.py:handle_request():138] handle_request: stop_status
2022-10-22 13:49:44,606 DEBUG   SenderThread:69914 [sender.py:send_request():315] send_request: stop_status
2022-10-22 13:49:59,927 DEBUG   HandlerThread:69914 [handler.py:handle_request():138] handle_request: stop_status
2022-10-22 13:49:59,927 DEBUG   SenderThread:69914 [sender.py:send_request():315] send_request: stop_status
2022-10-22 13:50:15,197 DEBUG   HandlerThread:69914 [handler.py:handle_request():138] handle_request: stop_status
2022-10-22 13:50:15,197 DEBUG   SenderThread:69914 [sender.py:send_request():315] send_request: stop_status
2022-10-22 13:50:30,445 DEBUG   HandlerThread:69914 [handler.py:handle_request():138] handle_request: stop_status
2022-10-22 13:50:30,446 DEBUG   SenderThread:69914 [sender.py:send_request():315] send_request: stop_status
2022-10-22 13:50:45,691 DEBUG   HandlerThread:69914 [handler.py:handle_request():138] handle_request: stop_status
2022-10-22 13:50:45,691 DEBUG   SenderThread:69914 [sender.py:send_request():315] send_request: stop_status
2022-10-22 13:51:00,941 DEBUG   HandlerThread:69914 [handler.py:handle_request():138] handle_request: stop_status
2022-10-22 13:51:00,941 DEBUG   SenderThread:69914 [sender.py:send_request():315] send_request: stop_status
2022-10-22 13:51:16,186 DEBUG   HandlerThread:69914 [handler.py:handle_request():138] handle_request: stop_status
2022-10-22 13:51:16,186 DEBUG   SenderThread:69914 [sender.py:send_request():315] send_request: stop_status
2022-10-22 13:51:31,499 DEBUG   HandlerThread:69914 [handler.py:handle_request():138] handle_request: stop_status
2022-10-22 13:51:31,500 DEBUG   SenderThread:69914 [sender.py:send_request():315] send_request: stop_status
2022-10-22 13:51:46,739 DEBUG   HandlerThread:69914 [handler.py:handle_request():138] handle_request: stop_status
2022-10-22 13:51:46,739 DEBUG   SenderThread:69914 [sender.py:send_request():315] send_request: stop_status
2022-10-22 13:52:02,082 DEBUG   HandlerThread:69914 [handler.py:handle_request():138] handle_request: stop_status
2022-10-22 13:52:02,083 DEBUG   SenderThread:69914 [sender.py:send_request():315] send_request: stop_status
2022-10-22 13:52:17,348 DEBUG   HandlerThread:69914 [handler.py:handle_request():138] handle_request: stop_status
2022-10-22 13:52:17,351 DEBUG   SenderThread:69914 [sender.py:send_request():315] send_request: stop_status
2022-10-22 13:52:17,357 DEBUG   HandlerThread:69914 [handler.py:handle_request():138] handle_request: resume
2022-10-22 13:52:17,357 INFO    HandlerThread:69914 [handler.py:handle_request_resume():687] starting system metrics thread
2022-10-22 13:52:17,758 DEBUG   HandlerThread:69914 [handler.py:handle_request():138] handle_request: pause
2022-10-22 13:52:17,758 INFO    HandlerThread:69914 [handler.py:handle_request_pause():696] stopping system metrics thread
2022-10-22 13:52:18,362 DEBUG   SenderThread:69914 [sender.py:send():301] send: stats
2022-10-22 13:52:32,743 DEBUG   HandlerThread:69914 [handler.py:handle_request():138] handle_request: stop_status
2022-10-22 13:52:32,752 DEBUG   SenderThread:69914 [sender.py:send_request():315] send_request: stop_status
2022-10-22 13:52:48,046 DEBUG   HandlerThread:69914 [handler.py:handle_request():138] handle_request: stop_status
2022-10-22 13:52:48,047 DEBUG   SenderThread:69914 [sender.py:send_request():315] send_request: stop_status
2022-10-22 13:53:03,304 DEBUG   HandlerThread:69914 [handler.py:handle_request():138] handle_request: stop_status
2022-10-22 13:53:03,305 DEBUG   SenderThread:69914 [sender.py:send_request():315] send_request: stop_status
2022-10-22 13:53:18,630 DEBUG   HandlerThread:69914 [handler.py:handle_request():138] handle_request: stop_status
2022-10-22 13:53:18,631 DEBUG   SenderThread:69914 [sender.py:send_request():315] send_request: stop_status
2022-10-22 13:53:33,875 DEBUG   HandlerThread:69914 [handler.py:handle_request():138] handle_request: stop_status
2022-10-22 13:53:33,875 DEBUG   SenderThread:69914 [sender.py:send_request():315] send_request: stop_status
2022-10-22 13:53:49,110 DEBUG   HandlerThread:69914 [handler.py:handle_request():138] handle_request: stop_status
2022-10-22 13:53:49,110 DEBUG   SenderThread:69914 [sender.py:send_request():315] send_request: stop_status
2022-10-22 13:53:59,319 DEBUG   HandlerThread:69914 [handler.py:handle_request():138] handle_request: resume
2022-10-22 13:53:59,319 INFO    HandlerThread:69914 [handler.py:handle_request_resume():687] starting system metrics thread
2022-10-22 13:53:59,793 DEBUG   HandlerThread:69914 [handler.py:handle_request():138] handle_request: pause
2022-10-22 13:53:59,793 INFO    HandlerThread:69914 [handler.py:handle_request_pause():696] stopping system metrics thread
2022-10-22 13:54:00,273 DEBUG   SenderThread:69914 [sender.py:send():301] send: stats
2022-10-22 13:54:04,361 DEBUG   HandlerThread:69914 [handler.py:handle_request():138] handle_request: stop_status
2022-10-22 13:54:04,362 DEBUG   SenderThread:69914 [sender.py:send_request():315] send_request: stop_status
2022-10-22 13:54:04,933 DEBUG   HandlerThread:69914 [handler.py:handle_request():138] handle_request: resume
2022-10-22 13:54:04,934 INFO    HandlerThread:69914 [handler.py:handle_request_resume():687] starting system metrics thread
2022-10-22 13:54:04,964 DEBUG   HandlerThread:69914 [handler.py:handle_request():138] handle_request: pause
2022-10-22 13:54:04,964 INFO    HandlerThread:69914 [handler.py:handle_request_pause():696] stopping system metrics thread
2022-10-22 13:54:05,770 DEBUG   SenderThread:69914 [sender.py:send():301] send: stats
2022-10-22 13:54:19,620 DEBUG   HandlerThread:69914 [handler.py:handle_request():138] handle_request: stop_status
2022-10-22 13:54:19,621 DEBUG   SenderThread:69914 [sender.py:send_request():315] send_request: stop_status
2022-10-22 13:54:28,115 DEBUG   HandlerThread:69914 [handler.py:handle_request():138] handle_request: resume
2022-10-22 13:54:28,116 INFO    HandlerThread:69914 [handler.py:handle_request_resume():687] starting system metrics thread
2022-10-22 13:54:28,122 DEBUG   HandlerThread:69914 [handler.py:handle_request():138] handle_request: pause
2022-10-22 13:54:28,123 INFO    HandlerThread:69914 [handler.py:handle_request_pause():696] stopping system metrics thread
2022-10-22 13:54:28,947 DEBUG   SenderThread:69914 [sender.py:send():301] send: stats
2022-10-22 13:54:33,845 DEBUG   HandlerThread:69914 [handler.py:handle_request():138] handle_request: resume
2022-10-22 13:54:33,845 INFO    HandlerThread:69914 [handler.py:handle_request_resume():687] starting system metrics thread
2022-10-22 13:54:34,678 DEBUG   HandlerThread:69914 [handler.py:handle_request():138] handle_request: pause
2022-10-22 13:54:34,678 INFO    HandlerThread:69914 [handler.py:handle_request_pause():696] stopping system metrics thread
2022-10-22 13:54:35,175 DEBUG   HandlerThread:69914 [handler.py:handle_request():138] handle_request: stop_status
2022-10-22 13:54:35,176 DEBUG   SenderThread:69914 [sender.py:send_request():315] send_request: stop_status
2022-10-22 13:54:35,414 DEBUG   SenderThread:69914 [sender.py:send():301] send: stats
2022-10-22 13:54:36,577 INFO    Thread-13 :69914 [dir_watcher.py:_on_file_modified():292] file/dir modified: /Users/christianjensen/Library/CloudStorage/OneDrive-UniversityofCopenhagen/2 - Projects/NLP Course/NLP-2022/wandb/run-20221022_133208-1z2jixz6/files/output.log
2022-10-22 13:54:36,990 DEBUG   HandlerThread:69914 [handler.py:handle_request():138] handle_request: resume
2022-10-22 13:54:36,991 INFO    HandlerThread:69914 [handler.py:handle_request_resume():687] starting system metrics thread
2022-10-22 13:54:36,995 DEBUG   HandlerThread:69914 [handler.py:handle_request():138] handle_request: pause
2022-10-22 13:54:36,995 INFO    HandlerThread:69914 [handler.py:handle_request_pause():696] stopping system metrics thread
2022-10-22 13:54:37,807 DEBUG   SenderThread:69914 [sender.py:send():301] send: stats
2022-10-22 13:54:50,423 DEBUG   HandlerThread:69914 [handler.py:handle_request():138] handle_request: stop_status
2022-10-22 13:54:50,424 DEBUG   SenderThread:69914 [sender.py:send_request():315] send_request: stop_status
2022-10-22 13:55:05,679 DEBUG   HandlerThread:69914 [handler.py:handle_request():138] handle_request: stop_status
2022-10-22 13:55:05,679 DEBUG   SenderThread:69914 [sender.py:send_request():315] send_request: stop_status
2022-10-22 13:55:20,923 DEBUG   HandlerThread:69914 [handler.py:handle_request():138] handle_request: stop_status
2022-10-22 13:55:20,923 DEBUG   SenderThread:69914 [sender.py:send_request():315] send_request: stop_status
2022-10-22 13:55:36,158 DEBUG   HandlerThread:69914 [handler.py:handle_request():138] handle_request: stop_status
2022-10-22 13:55:36,158 DEBUG   SenderThread:69914 [sender.py:send_request():315] send_request: stop_status
2022-10-22 13:55:51,423 DEBUG   HandlerThread:69914 [handler.py:handle_request():138] handle_request: stop_status
2022-10-22 13:55:51,424 DEBUG   SenderThread:69914 [sender.py:send_request():315] send_request: stop_status
2022-10-22 13:56:01,944 DEBUG   HandlerThread:69914 [handler.py:handle_request():138] handle_request: resume
2022-10-22 13:56:01,944 INFO    HandlerThread:69914 [handler.py:handle_request_resume():687] starting system metrics thread
2022-10-22 13:56:02,525 DEBUG   HandlerThread:69914 [handler.py:handle_request():138] handle_request: pause
2022-10-22 13:56:02,525 INFO    HandlerThread:69914 [handler.py:handle_request_pause():696] stopping system metrics thread
2022-10-22 13:56:03,036 DEBUG   SenderThread:69914 [sender.py:send():301] send: stats
2022-10-22 13:56:03,157 DEBUG   HandlerThread:69914 [handler.py:handle_request():138] handle_request: resume
2022-10-22 13:56:03,157 INFO    HandlerThread:69914 [handler.py:handle_request_resume():687] starting system metrics thread
2022-10-22 13:56:05,961 INFO    Thread-13 :69914 [dir_watcher.py:_on_file_modified():292] file/dir modified: /Users/christianjensen/Library/CloudStorage/OneDrive-UniversityofCopenhagen/2 - Projects/NLP Course/NLP-2022/wandb/run-20221022_133208-1z2jixz6/files/output.log
2022-10-22 13:56:06,790 DEBUG   HandlerThread:69914 [handler.py:handle_request():138] handle_request: stop_status
2022-10-22 13:56:06,791 DEBUG   SenderThread:69914 [sender.py:send_request():315] send_request: stop_status
2022-10-22 13:56:07,213 DEBUG   HandlerThread:69914 [handler.py:handle_request():138] handle_request: pause
2022-10-22 13:56:07,213 INFO    HandlerThread:69914 [handler.py:handle_request_pause():696] stopping system metrics thread
2022-10-22 13:56:07,989 DEBUG   HandlerThread:69914 [handler.py:handle_request():138] handle_request: resume
2022-10-22 13:56:07,990 INFO    HandlerThread:69914 [handler.py:handle_request_resume():687] starting system metrics thread
2022-10-22 13:56:07,990 DEBUG   HandlerThread:69914 [handler.py:handle_request():138] handle_request: pause
2022-10-22 13:56:07,992 INFO    HandlerThread:69914 [handler.py:handle_request_pause():696] stopping system metrics thread
2022-10-22 13:56:09,448 DEBUG   SenderThread:69914 [sender.py:send():301] send: stats
2022-10-22 13:56:09,448 DEBUG   SenderThread:69914 [sender.py:send():301] send: stats
2022-10-22 13:56:09,970 INFO    Thread-13 :69914 [dir_watcher.py:_on_file_modified():292] file/dir modified: /Users/christianjensen/Library/CloudStorage/OneDrive-UniversityofCopenhagen/2 - Projects/NLP Course/NLP-2022/wandb/run-20221022_133208-1z2jixz6/files/output.log
2022-10-22 13:56:10,051 DEBUG   HandlerThread:69914 [handler.py:handle_request():138] handle_request: resume
2022-10-22 13:56:10,051 INFO    HandlerThread:69914 [handler.py:handle_request_resume():687] starting system metrics thread
2022-10-22 13:56:13,417 DEBUG   HandlerThread:69914 [handler.py:handle_request():138] handle_request: pause
2022-10-22 13:56:13,417 INFO    HandlerThread:69914 [handler.py:handle_request_pause():696] stopping system metrics thread
2022-10-22 13:56:13,867 DEBUG   SenderThread:69914 [sender.py:send():301] send: stats
2022-10-22 13:56:22,145 DEBUG   HandlerThread:69914 [handler.py:handle_request():138] handle_request: stop_status
2022-10-22 13:56:22,145 DEBUG   SenderThread:69914 [sender.py:send_request():315] send_request: stop_status
2022-10-22 13:56:34,344 DEBUG   HandlerThread:69914 [handler.py:handle_request():138] handle_request: resume
2022-10-22 13:56:34,344 INFO    HandlerThread:69914 [handler.py:handle_request_resume():687] starting system metrics thread
2022-10-22 13:56:34,738 DEBUG   HandlerThread:69914 [handler.py:handle_request():138] handle_request: pause
2022-10-22 13:56:34,738 INFO    HandlerThread:69914 [handler.py:handle_request_pause():696] stopping system metrics thread
2022-10-22 13:56:35,203 DEBUG   SenderThread:69914 [sender.py:send():301] send: stats
2022-10-22 13:56:37,071 INFO    Thread-13 :69914 [dir_watcher.py:_on_file_modified():292] file/dir modified: /Users/christianjensen/Library/CloudStorage/OneDrive-UniversityofCopenhagen/2 - Projects/NLP Course/NLP-2022/wandb/run-20221022_133208-1z2jixz6/files/output.log
2022-10-22 13:56:37,389 DEBUG   HandlerThread:69914 [handler.py:handle_request():138] handle_request: stop_status
2022-10-22 13:56:37,390 DEBUG   SenderThread:69914 [sender.py:send_request():315] send_request: stop_status
2022-10-22 13:56:40,926 DEBUG   HandlerThread:69914 [handler.py:handle_request():138] handle_request: resume
2022-10-22 13:56:40,927 INFO    HandlerThread:69914 [handler.py:handle_request_resume():687] starting system metrics thread
2022-10-22 13:56:40,942 DEBUG   HandlerThread:69914 [handler.py:handle_request():138] handle_request: pause
2022-10-22 13:56:40,942 INFO    HandlerThread:69914 [handler.py:handle_request_pause():696] stopping system metrics thread
2022-10-22 13:56:41,939 DEBUG   SenderThread:69914 [sender.py:send():301] send: stats
2022-10-22 13:56:44,765 DEBUG   HandlerThread:69914 [handler.py:handle_request():138] handle_request: resume
2022-10-22 13:56:44,765 INFO    HandlerThread:69914 [handler.py:handle_request_resume():687] starting system metrics thread
2022-10-22 13:56:44,800 DEBUG   HandlerThread:69914 [handler.py:handle_request():138] handle_request: pause
2022-10-22 13:56:44,800 INFO    HandlerThread:69914 [handler.py:handle_request_pause():696] stopping system metrics thread
2022-10-22 13:56:45,640 DEBUG   SenderThread:69914 [sender.py:send():301] send: stats
2022-10-22 13:56:48,905 DEBUG   HandlerThread:69914 [handler.py:handle_request():138] handle_request: resume
2022-10-22 13:56:48,905 INFO    HandlerThread:69914 [handler.py:handle_request_resume():687] starting system metrics thread
2022-10-22 13:56:49,229 DEBUG   HandlerThread:69914 [handler.py:handle_request():138] handle_request: pause
2022-10-22 13:56:49,229 INFO    HandlerThread:69914 [handler.py:handle_request_pause():696] stopping system metrics thread
2022-10-22 13:56:49,723 DEBUG   SenderThread:69914 [sender.py:send():301] send: stats
2022-10-22 13:56:52,646 DEBUG   HandlerThread:69914 [handler.py:handle_request():138] handle_request: stop_status
2022-10-22 13:56:52,646 DEBUG   SenderThread:69914 [sender.py:send_request():315] send_request: stop_status
2022-10-22 13:56:53,331 DEBUG   HandlerThread:69914 [handler.py:handle_request():138] handle_request: resume
2022-10-22 13:56:53,332 INFO    HandlerThread:69914 [handler.py:handle_request_resume():687] starting system metrics thread
2022-10-22 13:56:53,343 DEBUG   HandlerThread:69914 [handler.py:handle_request():138] handle_request: pause
2022-10-22 13:56:53,343 INFO    HandlerThread:69914 [handler.py:handle_request_pause():696] stopping system metrics thread
2022-10-22 13:56:54,159 DEBUG   SenderThread:69914 [sender.py:send():301] send: stats
2022-10-22 13:57:07,907 DEBUG   HandlerThread:69914 [handler.py:handle_request():138] handle_request: stop_status
2022-10-22 13:57:07,908 DEBUG   SenderThread:69914 [sender.py:send_request():315] send_request: stop_status
2022-10-22 13:57:23,254 DEBUG   HandlerThread:69914 [handler.py:handle_request():138] handle_request: stop_status
2022-10-22 13:57:23,254 DEBUG   SenderThread:69914 [sender.py:send_request():315] send_request: stop_status
2022-10-22 13:57:38,503 DEBUG   HandlerThread:69914 [handler.py:handle_request():138] handle_request: stop_status
2022-10-22 13:57:38,504 DEBUG   SenderThread:69914 [sender.py:send_request():315] send_request: stop_status
2022-10-22 13:57:53,814 DEBUG   HandlerThread:69914 [handler.py:handle_request():138] handle_request: stop_status
2022-10-22 13:57:53,815 DEBUG   SenderThread:69914 [sender.py:send_request():315] send_request: stop_status
2022-10-22 13:58:09,087 DEBUG   HandlerThread:69914 [handler.py:handle_request():138] handle_request: stop_status
2022-10-22 13:58:09,087 DEBUG   SenderThread:69914 [sender.py:send_request():315] send_request: stop_status
2022-10-22 13:58:24,340 DEBUG   HandlerThread:69914 [handler.py:handle_request():138] handle_request: stop_status
2022-10-22 13:58:24,341 DEBUG   SenderThread:69914 [sender.py:send_request():315] send_request: stop_status
2022-10-22 13:58:39,599 DEBUG   HandlerThread:69914 [handler.py:handle_request():138] handle_request: stop_status
2022-10-22 13:58:39,600 DEBUG   SenderThread:69914 [sender.py:send_request():315] send_request: stop_status
2022-10-22 13:58:54,840 DEBUG   HandlerThread:69914 [handler.py:handle_request():138] handle_request: stop_status
2022-10-22 13:58:54,841 DEBUG   SenderThread:69914 [sender.py:send_request():315] send_request: stop_status
2022-10-22 13:59:10,085 DEBUG   HandlerThread:69914 [handler.py:handle_request():138] handle_request: stop_status
2022-10-22 13:59:10,085 DEBUG   SenderThread:69914 [sender.py:send_request():315] send_request: stop_status
2022-10-22 13:59:25,399 DEBUG   HandlerThread:69914 [handler.py:handle_request():138] handle_request: stop_status
2022-10-22 13:59:25,400 DEBUG   SenderThread:69914 [sender.py:send_request():315] send_request: stop_status
2022-10-22 13:59:40,651 DEBUG   HandlerThread:69914 [handler.py:handle_request():138] handle_request: stop_status
2022-10-22 13:59:40,653 DEBUG   SenderThread:69914 [sender.py:send_request():315] send_request: stop_status
2022-10-22 13:59:55,969 DEBUG   HandlerThread:69914 [handler.py:handle_request():138] handle_request: stop_status
2022-10-22 13:59:55,970 DEBUG   SenderThread:69914 [sender.py:send_request():315] send_request: stop_status
2022-10-22 14:00:11,237 DEBUG   HandlerThread:69914 [handler.py:handle_request():138] handle_request: stop_status
2022-10-22 14:00:11,237 DEBUG   SenderThread:69914 [sender.py:send_request():315] send_request: stop_status
2022-10-22 14:00:26,494 DEBUG   HandlerThread:69914 [handler.py:handle_request():138] handle_request: stop_status
2022-10-22 14:00:26,495 DEBUG   SenderThread:69914 [sender.py:send_request():315] send_request: stop_status
2022-10-22 14:00:41,743 DEBUG   HandlerThread:69914 [handler.py:handle_request():138] handle_request: stop_status
2022-10-22 14:00:41,744 DEBUG   SenderThread:69914 [sender.py:send_request():315] send_request: stop_status
2022-10-22 14:00:56,996 DEBUG   HandlerThread:69914 [handler.py:handle_request():138] handle_request: stop_status
2022-10-22 14:00:56,996 DEBUG   SenderThread:69914 [sender.py:send_request():315] send_request: stop_status
2022-10-22 14:01:12,243 DEBUG   HandlerThread:69914 [handler.py:handle_request():138] handle_request: stop_status
2022-10-22 14:01:12,243 DEBUG   SenderThread:69914 [sender.py:send_request():315] send_request: stop_status
2022-10-22 14:01:27,547 DEBUG   HandlerThread:69914 [handler.py:handle_request():138] handle_request: stop_status
2022-10-22 14:01:27,547 DEBUG   SenderThread:69914 [sender.py:send_request():315] send_request: stop_status
2022-10-22 14:01:42,818 DEBUG   HandlerThread:69914 [handler.py:handle_request():138] handle_request: stop_status
2022-10-22 14:01:42,818 DEBUG   SenderThread:69914 [sender.py:send_request():315] send_request: stop_status
2022-10-22 14:01:58,149 DEBUG   HandlerThread:69914 [handler.py:handle_request():138] handle_request: stop_status
2022-10-22 14:01:58,150 DEBUG   SenderThread:69914 [sender.py:send_request():315] send_request: stop_status
2022-10-22 14:02:13,403 DEBUG   HandlerThread:69914 [handler.py:handle_request():138] handle_request: stop_status
2022-10-22 14:02:13,404 DEBUG   SenderThread:69914 [sender.py:send_request():315] send_request: stop_status
2022-10-22 14:02:28,653 DEBUG   HandlerThread:69914 [handler.py:handle_request():138] handle_request: stop_status
2022-10-22 14:02:28,653 DEBUG   SenderThread:69914 [sender.py:send_request():315] send_request: stop_status
2022-10-22 14:02:43,905 DEBUG   HandlerThread:69914 [handler.py:handle_request():138] handle_request: stop_status
2022-10-22 14:02:43,907 DEBUG   SenderThread:69914 [sender.py:send_request():315] send_request: stop_status
2022-10-22 14:02:59,183 DEBUG   HandlerThread:69914 [handler.py:handle_request():138] handle_request: stop_status
2022-10-22 14:02:59,183 DEBUG   SenderThread:69914 [sender.py:send_request():315] send_request: stop_status
2022-10-22 14:03:14,493 DEBUG   HandlerThread:69914 [handler.py:handle_request():138] handle_request: stop_status
2022-10-22 14:03:14,494 DEBUG   SenderThread:69914 [sender.py:send_request():315] send_request: stop_status
2022-10-22 14:03:29,756 DEBUG   HandlerThread:69914 [handler.py:handle_request():138] handle_request: stop_status
2022-10-22 14:03:29,757 DEBUG   SenderThread:69914 [sender.py:send_request():315] send_request: stop_status
2022-10-22 14:03:45,081 DEBUG   HandlerThread:69914 [handler.py:handle_request():138] handle_request: stop_status
2022-10-22 14:03:45,082 DEBUG   SenderThread:69914 [sender.py:send_request():315] send_request: stop_status
2022-10-22 14:04:00,333 DEBUG   HandlerThread:69914 [handler.py:handle_request():138] handle_request: stop_status
2022-10-22 14:04:00,334 DEBUG   SenderThread:69914 [sender.py:send_request():315] send_request: stop_status
2022-10-22 14:04:15,583 DEBUG   HandlerThread:69914 [handler.py:handle_request():138] handle_request: stop_status
2022-10-22 14:04:15,584 DEBUG   SenderThread:69914 [sender.py:send_request():315] send_request: stop_status
2022-10-22 14:04:30,842 DEBUG   HandlerThread:69914 [handler.py:handle_request():138] handle_request: stop_status
2022-10-22 14:04:30,843 DEBUG   SenderThread:69914 [sender.py:send_request():315] send_request: stop_status
2022-10-22 14:04:46,095 DEBUG   HandlerThread:69914 [handler.py:handle_request():138] handle_request: stop_status
2022-10-22 14:04:46,096 DEBUG   SenderThread:69914 [sender.py:send_request():315] send_request: stop_status
2022-10-22 14:05:01,347 DEBUG   HandlerThread:69914 [handler.py:handle_request():138] handle_request: stop_status
2022-10-22 14:05:01,348 DEBUG   SenderThread:69914 [sender.py:send_request():315] send_request: stop_status
2022-10-22 14:05:16,651 DEBUG   HandlerThread:69914 [handler.py:handle_request():138] handle_request: stop_status
2022-10-22 14:05:16,654 DEBUG   SenderThread:69914 [sender.py:send_request():315] send_request: stop_status
2022-10-22 14:05:31,924 DEBUG   HandlerThread:69914 [handler.py:handle_request():138] handle_request: stop_status
2022-10-22 14:05:31,924 DEBUG   SenderThread:69914 [sender.py:send_request():315] send_request: stop_status
2022-10-22 14:05:47,245 DEBUG   HandlerThread:69914 [handler.py:handle_request():138] handle_request: stop_status
2022-10-22 14:05:47,245 DEBUG   SenderThread:69914 [sender.py:send_request():315] send_request: stop_status
2022-10-22 14:06:02,501 DEBUG   HandlerThread:69914 [handler.py:handle_request():138] handle_request: stop_status
2022-10-22 14:06:02,501 DEBUG   SenderThread:69914 [sender.py:send_request():315] send_request: stop_status
2022-10-22 14:06:17,754 DEBUG   HandlerThread:69914 [handler.py:handle_request():138] handle_request: stop_status
2022-10-22 14:06:17,754 DEBUG   SenderThread:69914 [sender.py:send_request():315] send_request: stop_status
2022-10-22 14:06:33,001 DEBUG   HandlerThread:69914 [handler.py:handle_request():138] handle_request: stop_status
2022-10-22 14:06:33,002 DEBUG   SenderThread:69914 [sender.py:send_request():315] send_request: stop_status
2022-10-22 14:06:48,254 DEBUG   HandlerThread:69914 [handler.py:handle_request():138] handle_request: stop_status
2022-10-22 14:06:48,255 DEBUG   SenderThread:69914 [sender.py:send_request():315] send_request: stop_status
2022-10-22 14:07:03,578 DEBUG   HandlerThread:69914 [handler.py:handle_request():138] handle_request: stop_status
2022-10-22 14:07:03,579 DEBUG   SenderThread:69914 [sender.py:send_request():315] send_request: stop_status
2022-10-22 14:07:18,825 DEBUG   HandlerThread:69914 [handler.py:handle_request():138] handle_request: stop_status
2022-10-22 14:07:18,827 DEBUG   SenderThread:69914 [sender.py:send_request():315] send_request: stop_status
2022-10-22 14:07:34,148 DEBUG   HandlerThread:69914 [handler.py:handle_request():138] handle_request: stop_status
2022-10-22 14:07:34,149 DEBUG   SenderThread:69914 [sender.py:send_request():315] send_request: stop_status
2022-10-22 14:07:49,428 DEBUG   HandlerThread:69914 [handler.py:handle_request():138] handle_request: stop_status
2022-10-22 14:07:49,428 DEBUG   SenderThread:69914 [sender.py:send_request():315] send_request: stop_status
2022-10-22 14:08:04,680 DEBUG   HandlerThread:69914 [handler.py:handle_request():138] handle_request: stop_status
2022-10-22 14:08:04,681 DEBUG   SenderThread:69914 [sender.py:send_request():315] send_request: stop_status
2022-10-22 14:08:19,933 DEBUG   HandlerThread:69914 [handler.py:handle_request():138] handle_request: stop_status
2022-10-22 14:08:19,933 DEBUG   SenderThread:69914 [sender.py:send_request():315] send_request: stop_status
2022-10-22 14:08:35,183 DEBUG   HandlerThread:69914 [handler.py:handle_request():138] handle_request: stop_status
2022-10-22 14:08:35,184 DEBUG   SenderThread:69914 [sender.py:send_request():315] send_request: stop_status
2022-10-22 14:08:50,526 DEBUG   HandlerThread:69914 [handler.py:handle_request():138] handle_request: stop_status
2022-10-22 14:08:50,527 DEBUG   SenderThread:69914 [sender.py:send_request():315] send_request: stop_status
2022-10-22 14:09:05,767 DEBUG   HandlerThread:69914 [handler.py:handle_request():138] handle_request: stop_status
2022-10-22 14:09:05,767 DEBUG   SenderThread:69914 [sender.py:send_request():315] send_request: stop_status
2022-10-22 14:09:21,452 DEBUG   HandlerThread:69914 [handler.py:handle_request():138] handle_request: stop_status
2022-10-22 14:09:21,453 DEBUG   SenderThread:69914 [sender.py:send_request():315] send_request: stop_status
2022-10-22 14:09:36,699 DEBUG   HandlerThread:69914 [handler.py:handle_request():138] handle_request: stop_status
2022-10-22 14:09:36,699 DEBUG   SenderThread:69914 [sender.py:send_request():315] send_request: stop_status
2022-10-22 14:09:52,022 DEBUG   HandlerThread:69914 [handler.py:handle_request():138] handle_request: stop_status
2022-10-22 14:09:52,023 DEBUG   SenderThread:69914 [sender.py:send_request():315] send_request: stop_status
2022-10-22 14:10:07,402 DEBUG   HandlerThread:69914 [handler.py:handle_request():138] handle_request: stop_status
2022-10-22 14:10:07,404 DEBUG   SenderThread:69914 [sender.py:send_request():315] send_request: stop_status
2022-10-22 14:10:22,677 DEBUG   HandlerThread:69914 [handler.py:handle_request():138] handle_request: stop_status
2022-10-22 14:10:22,677 DEBUG   SenderThread:69914 [sender.py:send_request():315] send_request: stop_status
2022-10-22 14:10:37,928 DEBUG   HandlerThread:69914 [handler.py:handle_request():138] handle_request: stop_status
2022-10-22 14:10:37,929 DEBUG   SenderThread:69914 [sender.py:send_request():315] send_request: stop_status
2022-10-22 14:10:53,184 DEBUG   HandlerThread:69914 [handler.py:handle_request():138] handle_request: stop_status
2022-10-22 14:10:53,186 DEBUG   SenderThread:69914 [sender.py:send_request():315] send_request: stop_status
2022-10-22 14:11:08,515 DEBUG   HandlerThread:69914 [handler.py:handle_request():138] handle_request: stop_status
2022-10-22 14:11:08,517 DEBUG   SenderThread:69914 [sender.py:send_request():315] send_request: stop_status
2022-10-22 14:11:23,780 DEBUG   HandlerThread:69914 [handler.py:handle_request():138] handle_request: stop_status
2022-10-22 14:11:23,781 DEBUG   SenderThread:69914 [sender.py:send_request():315] send_request: stop_status
2022-10-22 14:11:39,117 DEBUG   HandlerThread:69914 [handler.py:handle_request():138] handle_request: stop_status
2022-10-22 14:11:39,118 DEBUG   SenderThread:69914 [sender.py:send_request():315] send_request: stop_status
2022-10-22 14:11:54,368 DEBUG   HandlerThread:69914 [handler.py:handle_request():138] handle_request: stop_status
2022-10-22 14:11:54,369 DEBUG   SenderThread:69914 [sender.py:send_request():315] send_request: stop_status
2022-10-22 14:12:09,622 DEBUG   HandlerThread:69914 [handler.py:handle_request():138] handle_request: stop_status
2022-10-22 14:12:09,624 DEBUG   SenderThread:69914 [sender.py:send_request():315] send_request: stop_status
2022-10-22 14:12:24,918 DEBUG   HandlerThread:69914 [handler.py:handle_request():138] handle_request: stop_status
2022-10-22 14:12:24,919 DEBUG   SenderThread:69914 [sender.py:send_request():315] send_request: stop_status
2022-10-22 14:12:40,167 DEBUG   HandlerThread:69914 [handler.py:handle_request():138] handle_request: stop_status
2022-10-22 14:12:40,168 DEBUG   SenderThread:69914 [sender.py:send_request():315] send_request: stop_status
2022-10-22 14:12:55,460 DEBUG   HandlerThread:69914 [handler.py:handle_request():138] handle_request: stop_status
2022-10-22 14:12:55,461 DEBUG   SenderThread:69914 [sender.py:send_request():315] send_request: stop_status
2022-10-22 14:13:10,718 DEBUG   HandlerThread:69914 [handler.py:handle_request():138] handle_request: stop_status
2022-10-22 14:13:10,720 DEBUG   SenderThread:69914 [sender.py:send_request():315] send_request: stop_status
2022-10-22 14:13:26,060 DEBUG   HandlerThread:69914 [handler.py:handle_request():138] handle_request: stop_status
2022-10-22 14:13:26,061 DEBUG   SenderThread:69914 [sender.py:send_request():315] send_request: stop_status
2022-10-22 14:13:41,315 DEBUG   HandlerThread:69914 [handler.py:handle_request():138] handle_request: stop_status
2022-10-22 14:13:41,315 DEBUG   SenderThread:69914 [sender.py:send_request():315] send_request: stop_status
2022-10-22 14:13:56,571 DEBUG   HandlerThread:69914 [handler.py:handle_request():138] handle_request: stop_status
2022-10-22 14:13:56,573 DEBUG   SenderThread:69914 [sender.py:send_request():315] send_request: stop_status
2022-10-22 14:14:11,839 DEBUG   HandlerThread:69914 [handler.py:handle_request():138] handle_request: stop_status
2022-10-22 14:14:11,840 DEBUG   SenderThread:69914 [sender.py:send_request():315] send_request: stop_status
2022-10-22 14:14:27,209 DEBUG   HandlerThread:69914 [handler.py:handle_request():138] handle_request: stop_status
2022-10-22 14:14:27,210 DEBUG   SenderThread:69914 [sender.py:send_request():315] send_request: stop_status
2022-10-22 14:14:42,579 DEBUG   HandlerThread:69914 [handler.py:handle_request():138] handle_request: stop_status
2022-10-22 14:14:42,579 DEBUG   SenderThread:69914 [sender.py:send_request():315] send_request: stop_status
2022-10-22 14:14:57,834 DEBUG   HandlerThread:69914 [handler.py:handle_request():138] handle_request: stop_status
2022-10-22 14:14:57,835 DEBUG   SenderThread:69914 [sender.py:send_request():315] send_request: stop_status
2022-10-22 14:15:13,078 DEBUG   HandlerThread:69914 [handler.py:handle_request():138] handle_request: stop_status
2022-10-22 14:15:13,082 DEBUG   SenderThread:69914 [sender.py:send_request():315] send_request: stop_status
2022-10-22 14:15:28,331 DEBUG   HandlerThread:69914 [handler.py:handle_request():138] handle_request: stop_status
2022-10-22 14:15:28,331 DEBUG   SenderThread:69914 [sender.py:send_request():315] send_request: stop_status
2022-10-22 14:15:43,580 DEBUG   HandlerThread:69914 [handler.py:handle_request():138] handle_request: stop_status
2022-10-22 14:15:43,581 DEBUG   SenderThread:69914 [sender.py:send_request():315] send_request: stop_status
2022-10-22 14:15:50,428 DEBUG   HandlerThread:69914 [handler.py:handle_request():138] handle_request: resume
2022-10-22 14:15:50,428 INFO    HandlerThread:69914 [handler.py:handle_request_resume():687] starting system metrics thread
2022-10-22 14:15:50,722 DEBUG   HandlerThread:69914 [handler.py:handle_request():138] handle_request: pause
2022-10-22 14:15:50,722 INFO    HandlerThread:69914 [handler.py:handle_request_pause():696] stopping system metrics thread
2022-10-22 14:15:51,273 DEBUG   SenderThread:69914 [sender.py:send():301] send: stats
2022-10-22 14:15:58,840 DEBUG   HandlerThread:69914 [handler.py:handle_request():138] handle_request: stop_status
2022-10-22 14:15:58,841 DEBUG   SenderThread:69914 [sender.py:send_request():315] send_request: stop_status
2022-10-22 14:16:03,060 DEBUG   HandlerThread:69914 [handler.py:handle_request():138] handle_request: resume
2022-10-22 14:16:03,061 INFO    HandlerThread:69914 [handler.py:handle_request_resume():687] starting system metrics thread
2022-10-22 14:16:03,471 DEBUG   HandlerThread:69914 [handler.py:handle_request():138] handle_request: pause
2022-10-22 14:16:03,472 INFO    HandlerThread:69914 [handler.py:handle_request_pause():696] stopping system metrics thread
2022-10-22 14:16:03,913 DEBUG   SenderThread:69914 [sender.py:send():301] send: stats
2022-10-22 14:16:04,450 INFO    Thread-13 :69914 [dir_watcher.py:_on_file_modified():292] file/dir modified: /Users/christianjensen/Library/CloudStorage/OneDrive-UniversityofCopenhagen/2 - Projects/NLP Course/NLP-2022/wandb/run-20221022_133208-1z2jixz6/files/output.log
2022-10-22 14:16:04,577 DEBUG   HandlerThread:69914 [handler.py:handle_request():138] handle_request: resume
2022-10-22 14:16:04,577 INFO    HandlerThread:69914 [handler.py:handle_request_resume():687] starting system metrics thread
2022-10-22 14:16:04,615 DEBUG   HandlerThread:69914 [handler.py:handle_request():138] handle_request: pause
2022-10-22 14:16:04,616 INFO    HandlerThread:69914 [handler.py:handle_request_pause():696] stopping system metrics thread
2022-10-22 14:16:05,418 DEBUG   SenderThread:69914 [sender.py:send():301] send: stats
2022-10-22 14:16:07,163 DEBUG   HandlerThread:69914 [handler.py:handle_request():138] handle_request: resume
2022-10-22 14:16:07,163 INFO    HandlerThread:69914 [handler.py:handle_request_resume():687] starting system metrics thread
2022-10-22 14:16:07,472 DEBUG   HandlerThread:69914 [handler.py:handle_request():138] handle_request: pause
2022-10-22 14:16:07,475 INFO    HandlerThread:69914 [handler.py:handle_request_pause():696] stopping system metrics thread
2022-10-22 14:16:08,001 DEBUG   SenderThread:69914 [sender.py:send():301] send: stats
2022-10-22 14:16:08,925 DEBUG   HandlerThread:69914 [handler.py:handle_request():138] handle_request: resume
2022-10-22 14:16:08,925 INFO    HandlerThread:69914 [handler.py:handle_request_resume():687] starting system metrics thread
2022-10-22 14:16:09,683 DEBUG   HandlerThread:69914 [handler.py:handle_request():138] handle_request: pause
2022-10-22 14:16:09,683 INFO    HandlerThread:69914 [handler.py:handle_request_pause():696] stopping system metrics thread
2022-10-22 14:16:10,136 DEBUG   SenderThread:69914 [sender.py:send():301] send: stats
2022-10-22 14:16:10,609 DEBUG   HandlerThread:69914 [handler.py:handle_request():138] handle_request: resume
2022-10-22 14:16:10,609 INFO    HandlerThread:69914 [handler.py:handle_request_resume():687] starting system metrics thread
2022-10-22 14:16:10,637 DEBUG   HandlerThread:69914 [handler.py:handle_request():138] handle_request: pause
2022-10-22 14:16:10,637 INFO    HandlerThread:69914 [handler.py:handle_request_pause():696] stopping system metrics thread
2022-10-22 14:16:11,395 DEBUG   SenderThread:69914 [sender.py:send():301] send: stats
2022-10-22 14:16:14,181 DEBUG   HandlerThread:69914 [handler.py:handle_request():138] handle_request: stop_status
2022-10-22 14:16:14,182 DEBUG   SenderThread:69914 [sender.py:send_request():315] send_request: stop_status
2022-10-22 14:16:24,252 DEBUG   HandlerThread:69914 [handler.py:handle_request():138] handle_request: resume
2022-10-22 14:16:24,253 INFO    HandlerThread:69914 [handler.py:handle_request_resume():687] starting system metrics thread
2022-10-22 14:16:29,519 DEBUG   HandlerThread:69914 [handler.py:handle_request():138] handle_request: stop_status
2022-10-22 14:16:29,519 DEBUG   SenderThread:69914 [sender.py:send_request():315] send_request: stop_status
2022-10-22 14:16:31,087 DEBUG   HandlerThread:69914 [handler.py:handle_request():138] handle_request: pause
2022-10-22 14:16:31,088 INFO    HandlerThread:69914 [handler.py:handle_request_pause():696] stopping system metrics thread
2022-10-22 14:16:31,535 DEBUG   SenderThread:69914 [sender.py:send():301] send: stats
2022-10-22 14:16:36,500 DEBUG   HandlerThread:69914 [handler.py:handle_request():138] handle_request: resume
2022-10-22 14:16:36,500 INFO    HandlerThread:69914 [handler.py:handle_request_resume():687] starting system metrics thread
2022-10-22 14:16:36,505 DEBUG   HandlerThread:69914 [handler.py:handle_request():138] handle_request: pause
2022-10-22 14:16:36,505 INFO    HandlerThread:69914 [handler.py:handle_request_pause():696] stopping system metrics thread
2022-10-22 14:16:37,299 DEBUG   SenderThread:69914 [sender.py:send():301] send: stats
2022-10-22 14:16:44,783 DEBUG   HandlerThread:69914 [handler.py:handle_request():138] handle_request: stop_status
2022-10-22 14:16:44,783 DEBUG   SenderThread:69914 [sender.py:send_request():315] send_request: stop_status
2022-10-22 14:17:00,024 DEBUG   HandlerThread:69914 [handler.py:handle_request():138] handle_request: stop_status
2022-10-22 14:17:00,024 DEBUG   SenderThread:69914 [sender.py:send_request():315] send_request: stop_status
2022-10-22 14:17:15,274 DEBUG   HandlerThread:69914 [handler.py:handle_request():138] handle_request: stop_status
2022-10-22 14:17:15,275 DEBUG   SenderThread:69914 [sender.py:send_request():315] send_request: stop_status
2022-10-22 14:17:30,529 DEBUG   HandlerThread:69914 [handler.py:handle_request():138] handle_request: stop_status
2022-10-22 14:17:30,529 DEBUG   SenderThread:69914 [sender.py:send_request():315] send_request: stop_status
2022-10-22 14:17:45,787 DEBUG   HandlerThread:69914 [handler.py:handle_request():138] handle_request: stop_status
2022-10-22 14:17:45,788 DEBUG   SenderThread:69914 [sender.py:send_request():315] send_request: stop_status
2022-10-22 14:18:01,107 DEBUG   HandlerThread:69914 [handler.py:handle_request():138] handle_request: stop_status
2022-10-22 14:18:01,108 DEBUG   SenderThread:69914 [sender.py:send_request():315] send_request: stop_status
2022-10-22 14:18:16,377 DEBUG   HandlerThread:69914 [handler.py:handle_request():138] handle_request: stop_status
2022-10-22 14:18:16,378 DEBUG   SenderThread:69914 [sender.py:send_request():315] send_request: stop_status
2022-10-22 14:18:31,720 DEBUG   HandlerThread:69914 [handler.py:handle_request():138] handle_request: stop_status
2022-10-22 14:18:31,720 DEBUG   SenderThread:69914 [sender.py:send_request():315] send_request: stop_status
2022-10-22 14:18:46,973 DEBUG   HandlerThread:69914 [handler.py:handle_request():138] handle_request: stop_status
2022-10-22 14:18:46,973 DEBUG   SenderThread:69914 [sender.py:send_request():315] send_request: stop_status
2022-10-22 14:19:02,218 DEBUG   HandlerThread:69914 [handler.py:handle_request():138] handle_request: stop_status
2022-10-22 14:19:02,218 DEBUG   SenderThread:69914 [sender.py:send_request():315] send_request: stop_status
2022-10-22 14:19:17,464 DEBUG   HandlerThread:69914 [handler.py:handle_request():138] handle_request: stop_status
2022-10-22 14:19:17,465 DEBUG   SenderThread:69914 [sender.py:send_request():315] send_request: stop_status
2022-10-22 14:19:32,705 DEBUG   HandlerThread:69914 [handler.py:handle_request():138] handle_request: stop_status
2022-10-22 14:19:32,705 DEBUG   SenderThread:69914 [sender.py:send_request():315] send_request: stop_status
2022-10-22 14:19:47,948 DEBUG   HandlerThread:69914 [handler.py:handle_request():138] handle_request: stop_status
2022-10-22 14:19:47,948 DEBUG   SenderThread:69914 [sender.py:send_request():315] send_request: stop_status
2022-10-22 14:20:03,247 DEBUG   HandlerThread:69914 [handler.py:handle_request():138] handle_request: stop_status
2022-10-22 14:20:03,248 DEBUG   SenderThread:69914 [sender.py:send_request():315] send_request: stop_status
2022-10-22 14:20:18,480 DEBUG   HandlerThread:69914 [handler.py:handle_request():138] handle_request: stop_status
2022-10-22 14:20:18,481 DEBUG   SenderThread:69914 [sender.py:send_request():315] send_request: stop_status
2022-10-22 14:20:33,723 DEBUG   HandlerThread:69914 [handler.py:handle_request():138] handle_request: stop_status
2022-10-22 14:20:33,723 DEBUG   SenderThread:69914 [sender.py:send_request():315] send_request: stop_status
2022-10-22 14:20:49,067 DEBUG   HandlerThread:69914 [handler.py:handle_request():138] handle_request: stop_status
2022-10-22 14:20:49,067 DEBUG   SenderThread:69914 [sender.py:send_request():315] send_request: stop_status
2022-10-22 14:21:04,317 DEBUG   HandlerThread:69914 [handler.py:handle_request():138] handle_request: stop_status
2022-10-22 14:21:04,317 DEBUG   SenderThread:69914 [sender.py:send_request():315] send_request: stop_status
2022-10-22 14:21:19,558 DEBUG   HandlerThread:69914 [handler.py:handle_request():138] handle_request: stop_status
2022-10-22 14:21:19,559 DEBUG   SenderThread:69914 [sender.py:send_request():315] send_request: stop_status
2022-10-22 14:21:34,825 DEBUG   HandlerThread:69914 [handler.py:handle_request():138] handle_request: stop_status
2022-10-22 14:21:34,825 DEBUG   SenderThread:69914 [sender.py:send_request():315] send_request: stop_status
2022-10-22 14:21:50,099 DEBUG   HandlerThread:69914 [handler.py:handle_request():138] handle_request: stop_status
2022-10-22 14:21:50,100 DEBUG   SenderThread:69914 [sender.py:send_request():315] send_request: stop_status
2022-10-22 14:22:05,397 DEBUG   HandlerThread:69914 [handler.py:handle_request():138] handle_request: stop_status
2022-10-22 14:22:05,399 DEBUG   SenderThread:69914 [sender.py:send_request():315] send_request: stop_status
2022-10-22 14:22:20,652 DEBUG   HandlerThread:69914 [handler.py:handle_request():138] handle_request: stop_status
2022-10-22 14:22:20,653 DEBUG   SenderThread:69914 [sender.py:send_request():315] send_request: stop_status
2022-10-22 14:22:36,070 DEBUG   HandlerThread:69914 [handler.py:handle_request():138] handle_request: stop_status
2022-10-22 14:22:36,072 DEBUG   SenderThread:69914 [sender.py:send_request():315] send_request: stop_status
2022-10-22 14:27:13,493 ERROR   SenderThread:69914 [retry.py:__call__():154] Retry attempt failed:
Traceback (most recent call last):
  File "/opt/homebrew/lib/python3.9/site-packages/urllib3/connection.py", line 169, in _new_conn
    conn = connection.create_connection(
  File "/opt/homebrew/lib/python3.9/site-packages/urllib3/util/connection.py", line 73, in create_connection
    for res in socket.getaddrinfo(host, port, family, socket.SOCK_STREAM):
  File "/opt/homebrew/Cellar/python@3.9/3.9.15/Frameworks/Python.framework/Versions/3.9/lib/python3.9/socket.py", line 954, in getaddrinfo
    for res in _socket.getaddrinfo(host, port, family, type, proto, flags):
socket.gaierror: [Errno 8] nodename nor servname provided, or not known

During handling of the above exception, another exception occurred:

Traceback (most recent call last):
  File "/opt/homebrew/lib/python3.9/site-packages/urllib3/connectionpool.py", line 699, in urlopen
    httplib_response = self._make_request(
  File "/opt/homebrew/lib/python3.9/site-packages/urllib3/connectionpool.py", line 382, in _make_request
    self._validate_conn(conn)
  File "/opt/homebrew/lib/python3.9/site-packages/urllib3/connectionpool.py", line 1010, in _validate_conn
    conn.connect()
  File "/opt/homebrew/lib/python3.9/site-packages/urllib3/connection.py", line 353, in connect
    conn = self._new_conn()
  File "/opt/homebrew/lib/python3.9/site-packages/urllib3/connection.py", line 181, in _new_conn
    raise NewConnectionError(
urllib3.exceptions.NewConnectionError: <urllib3.connection.HTTPSConnection object at 0x118bb05b0>: Failed to establish a new connection: [Errno 8] nodename nor servname provided, or not known

During handling of the above exception, another exception occurred:

Traceback (most recent call last):
  File "/opt/homebrew/lib/python3.9/site-packages/requests/adapters.py", line 439, in send
    resp = conn.urlopen(
  File "/opt/homebrew/lib/python3.9/site-packages/urllib3/connectionpool.py", line 755, in urlopen
    retries = retries.increment(
  File "/opt/homebrew/lib/python3.9/site-packages/urllib3/util/retry.py", line 574, in increment
    raise MaxRetryError(_pool, url, error or ResponseError(cause))
urllib3.exceptions.MaxRetryError: HTTPSConnectionPool(host='api.wandb.ai', port=443): Max retries exceeded with url: /graphql (Caused by NewConnectionError('<urllib3.connection.HTTPSConnection object at 0x118bb05b0>: Failed to establish a new connection: [Errno 8] nodename nor servname provided, or not known'))

During handling of the above exception, another exception occurred:

Traceback (most recent call last):
  File "/opt/homebrew/lib/python3.9/site-packages/wandb/sdk/lib/retry.py", line 113, in __call__
    result = self._call_fn(*args, **kwargs)
  File "/opt/homebrew/lib/python3.9/site-packages/wandb/sdk/internal/internal_api.py", line 199, in execute
    return self.client.execute(*args, **kwargs)  # type: ignore
  File "/opt/homebrew/lib/python3.9/site-packages/wandb/vendor/gql-0.2.0/wandb_gql/client.py", line 52, in execute
    result = self._get_result(document, *args, **kwargs)
  File "/opt/homebrew/lib/python3.9/site-packages/wandb/vendor/gql-0.2.0/wandb_gql/client.py", line 60, in _get_result
    return self.transport.execute(document, *args, **kwargs)
  File "/opt/homebrew/lib/python3.9/site-packages/wandb/vendor/gql-0.2.0/wandb_gql/transport/requests.py", line 38, in execute
    request = requests.post(self.url, **post_args)
  File "/opt/homebrew/lib/python3.9/site-packages/requests/api.py", line 117, in post
    return request('post', url, data=data, json=json, **kwargs)
  File "/opt/homebrew/lib/python3.9/site-packages/requests/api.py", line 61, in request
    return session.request(method=method, url=url, **kwargs)
  File "/opt/homebrew/lib/python3.9/site-packages/requests/sessions.py", line 542, in request
    resp = self.send(prep, **send_kwargs)
  File "/opt/homebrew/lib/python3.9/site-packages/requests/sessions.py", line 655, in send
    r = adapter.send(request, **kwargs)
  File "/opt/homebrew/lib/python3.9/site-packages/requests/adapters.py", line 516, in send
    raise ConnectionError(e, request=request)
requests.exceptions.ConnectionError: HTTPSConnectionPool(host='api.wandb.ai', port=443): Max retries exceeded with url: /graphql (Caused by NewConnectionError('<urllib3.connection.HTTPSConnection object at 0x118bb05b0>: Failed to establish a new connection: [Errno 8] nodename nor servname provided, or not known'))
2022-10-22 14:34:09,550 DEBUG   HandlerThread:69914 [handler.py:handle_request():138] handle_request: stop_status
2022-10-22 14:34:18,825 INFO    MainThread:69914 [internal.py:handle_exit():78] Internal process exited
